CRITICAL - 2025-03-27 16:14:52 --> Error: Cannot call constructor
[Method: GET, Route: login/admin]
in APPPATH\Controllers\Login.php on line 11.
 1 SYSTEMPATH\CodeIgniter.php(903): App\Controllers\Login->__construct()
 2 SYSTEMPATH\CodeIgniter.php(498): CodeIgniter\CodeIgniter->createController()
 3 SYSTEMPATH\CodeIgniter.php(354): CodeIgniter\CodeIgniter->handleRequest(null, Object(Config\Cache), false)
 4 SYSTEMPATH\Boot.php(334): CodeIgniter\CodeIgniter->run()
 5 SYSTEMPATH\Boot.php(67): CodeIgniter\Boot::runCodeIgniter(Object(CodeIgniter\CodeIgniter))
 6 FCPATH\index.php(56): CodeIgniter\Boot::bootWeb(Object(Config\Paths))
 7 SYSTEMPATH\rewrite.php(44): require_once('C:\\xampp\\htdocs\\codeiginator\\hospital.hypersofts.com\\public\\index.php')
CRITICAL - 2025-03-27 16:15:04 --> Error: Cannot call constructor
[Method: GET, Route: login/admin]
in APPPATH\Controllers\Login.php on line 11.
 1 SYSTEMPATH\CodeIgniter.php(903): App\Controllers\Login->__construct()
 2 SYSTEMPATH\CodeIgniter.php(498): CodeIgniter\CodeIgniter->createController()
 3 SYSTEMPATH\CodeIgniter.php(354): CodeIgniter\CodeIgniter->handleRequest(null, Object(Config\Cache), false)
 4 SYSTEMPATH\Boot.php(334): CodeIgniter\CodeIgniter->run()
 5 SYSTEMPATH\Boot.php(67): CodeIgniter\Boot::runCodeIgniter(Object(CodeIgniter\CodeIgniter))
 6 FCPATH\index.php(56): CodeIgniter\Boot::bootWeb(Object(Config\Paths))
 7 SYSTEMPATH\rewrite.php(44): require_once('C:\\xampp\\htdocs\\codeiginator\\hospital.hypersofts.com\\public\\index.php')
CRITICAL - 2025-03-27 16:16:06 --> Error: Cannot call constructor
[Method: GET, Route: login/admin]
in APPPATH\Controllers\Login.php on line 11.
 1 SYSTEMPATH\CodeIgniter.php(903): App\Controllers\Login->__construct()
 2 SYSTEMPATH\CodeIgniter.php(498): CodeIgniter\CodeIgniter->createController()
 3 SYSTEMPATH\CodeIgniter.php(354): CodeIgniter\CodeIgniter->handleRequest(null, Object(Config\Cache), false)
 4 SYSTEMPATH\Boot.php(334): CodeIgniter\CodeIgniter->run()
 5 SYSTEMPATH\Boot.php(67): CodeIgniter\Boot::runCodeIgniter(Object(CodeIgniter\CodeIgniter))
 6 FCPATH\index.php(56): CodeIgniter\Boot::bootWeb(Object(Config\Paths))
 7 SYSTEMPATH\rewrite.php(44): require_once('C:\\xampp\\htdocs\\codeiginator\\hospital.hypersofts.com\\public\\index.php')
CRITICAL - 2025-03-27 16:17:28 --> Error: Class "App\Models\UserModel" not found
[Method: GET, Route: login/admin]
in APPPATH\Controllers\Login.php on line 18.
 1 SYSTEMPATH\CodeIgniter.php(903): App\Controllers\Login->__construct()
 2 SYSTEMPATH\CodeIgniter.php(498): CodeIgniter\CodeIgniter->createController()
 3 SYSTEMPATH\CodeIgniter.php(354): CodeIgniter\CodeIgniter->handleRequest(null, Object(Config\Cache), false)
 4 SYSTEMPATH\Boot.php(334): CodeIgniter\CodeIgniter->run()
 5 SYSTEMPATH\Boot.php(67): CodeIgniter\Boot::runCodeIgniter(Object(CodeIgniter\CodeIgniter))
 6 FCPATH\index.php(56): CodeIgniter\Boot::bootWeb(Object(Config\Paths))
 7 SYSTEMPATH\rewrite.php(44): require_once('C:\\xampp\\htdocs\\codeiginator\\hospital.hypersofts.com\\public\\index.php')
CRITICAL - 2025-03-27 16:21:53 --> Error: Cannot call constructor
[Method: GET, Route: login/admin]
in APPPATH\Controllers\Login.php on line 11.
 1 SYSTEMPATH\CodeIgniter.php(903): App\Controllers\Login->__construct()
 2 SYSTEMPATH\CodeIgniter.php(498): CodeIgniter\CodeIgniter->createController()
 3 SYSTEMPATH\CodeIgniter.php(354): CodeIgniter\CodeIgniter->handleRequest(null, Object(Config\Cache), false)
 4 SYSTEMPATH\Boot.php(334): CodeIgniter\CodeIgniter->run()
 5 SYSTEMPATH\Boot.php(67): CodeIgniter\Boot::runCodeIgniter(Object(CodeIgniter\CodeIgniter))
 6 FCPATH\index.php(56): CodeIgniter\Boot::bootWeb(Object(Config\Paths))
 7 SYSTEMPATH\rewrite.php(44): require_once('C:\\xampp\\htdocs\\codeiginator\\hospital.hypersofts.com\\public\\index.php')
CRITICAL - 2025-03-27 16:28:01 --> Error: Call to undefined function App\Controllers\get_the_current_user()
[Method: GET, Route: login/admin]
in APPPATH\Controllers\Login.php on line 16.
 1 SYSTEMPATH\CodeIgniter.php(933): App\Controllers\Login->admin()
 2 SYSTEMPATH\CodeIgniter.php(507): CodeIgniter\CodeIgniter->runController(Object(App\Controllers\Login))
 3 SYSTEMPATH\CodeIgniter.php(354): CodeIgniter\CodeIgniter->handleRequest(null, Object(Config\Cache), false)
 4 SYSTEMPATH\Boot.php(334): CodeIgniter\CodeIgniter->run()
 5 SYSTEMPATH\Boot.php(67): CodeIgniter\Boot::runCodeIgniter(Object(CodeIgniter\CodeIgniter))
 6 FCPATH\index.php(56): CodeIgniter\Boot::bootWeb(Object(Config\Paths))
 7 SYSTEMPATH\rewrite.php(44): require_once('C:\\xampp\\htdocs\\codeiginator\\hospital.hypersofts.com\\public\\index.php')
CRITICAL - 2025-03-27 16:33:25 --> Error: Cannot call constructor
[Method: GET, Route: login/admin]
in APPPATH\Controllers\Login.php on line 13.
 1 SYSTEMPATH\CodeIgniter.php(903): App\Controllers\Login->__construct()
 2 SYSTEMPATH\CodeIgniter.php(498): CodeIgniter\CodeIgniter->createController()
 3 SYSTEMPATH\CodeIgniter.php(354): CodeIgniter\CodeIgniter->handleRequest(null, Object(Config\Cache), false)
 4 SYSTEMPATH\Boot.php(334): CodeIgniter\CodeIgniter->run()
 5 SYSTEMPATH\Boot.php(67): CodeIgniter\Boot::runCodeIgniter(Object(CodeIgniter\CodeIgniter))
 6 FCPATH\index.php(56): CodeIgniter\Boot::bootWeb(Object(Config\Paths))
 7 SYSTEMPATH\rewrite.php(44): require_once('C:\\xampp\\htdocs\\codeiginator\\hospital.hypersofts.com\\public\\index.php')
CRITICAL - 2025-03-27 16:33:39 --> Error: Call to undefined function App\Controllers\get_the_current_user()
[Method: GET, Route: login/admin]
in APPPATH\Controllers\Login.php on line 28.
 1 SYSTEMPATH\CodeIgniter.php(933): App\Controllers\Login->admin()
 2 SYSTEMPATH\CodeIgniter.php(507): CodeIgniter\CodeIgniter->runController(Object(App\Controllers\Login))
 3 SYSTEMPATH\CodeIgniter.php(354): CodeIgniter\CodeIgniter->handleRequest(null, Object(Config\Cache), false)
 4 SYSTEMPATH\Boot.php(334): CodeIgniter\CodeIgniter->run()
 5 SYSTEMPATH\Boot.php(67): CodeIgniter\Boot::runCodeIgniter(Object(CodeIgniter\CodeIgniter))
 6 FCPATH\index.php(56): CodeIgniter\Boot::bootWeb(Object(Config\Paths))
 7 SYSTEMPATH\rewrite.php(44): require_once('C:\\xampp\\htdocs\\codeiginator\\hospital.hypersofts.com\\public\\index.php')
CRITICAL - 2025-03-27 16:36:02 --> Error: Call to undefined function get_instance()
[Method: GET, Route: login/admin]
in APPPATH\Helpers\elfin_helper.php on line 4.
 1 APPPATH\Controllers\Login.php(29): get_the_current_user(1)
 2 SYSTEMPATH\CodeIgniter.php(933): App\Controllers\Login->admin()
 3 SYSTEMPATH\CodeIgniter.php(507): CodeIgniter\CodeIgniter->runController(Object(App\Controllers\Login))
 4 SYSTEMPATH\CodeIgniter.php(354): CodeIgniter\CodeIgniter->handleRequest(null, Object(Config\Cache), false)
 5 SYSTEMPATH\Boot.php(334): CodeIgniter\CodeIgniter->run()
 6 SYSTEMPATH\Boot.php(67): CodeIgniter\Boot::runCodeIgniter(Object(CodeIgniter\CodeIgniter))
 7 FCPATH\index.php(56): CodeIgniter\Boot::bootWeb(Object(Config\Paths))
 8 SYSTEMPATH\rewrite.php(44): require_once('C:\\xampp\\htdocs\\codeiginator\\hospital.hypersofts.com\\public\\index.php')
CRITICAL - 2025-03-27 16:43:59 --> ErrorException: Undefined property: App\Controllers\Login::$form_validation
[Method: GET, Route: login/admin]
in APPPATH\Controllers\Login.php on line 33.
 1 APPPATH\Controllers\Login.php(33): CodeIgniter\Debug\Exceptions->errorHandler(2, 'Undefined property: App\\Controllers\\Login::$form_validation', 'C:\\xampp\\htdocs\\codeiginator\\hospital.hypersofts.com\\app\\Controllers\\Login.php', 33)
 2 SYSTEMPATH\CodeIgniter.php(933): App\Controllers\Login->admin()
 3 SYSTEMPATH\CodeIgniter.php(507): CodeIgniter\CodeIgniter->runController(Object(App\Controllers\Login))
 4 SYSTEMPATH\CodeIgniter.php(354): CodeIgniter\CodeIgniter->handleRequest(null, Object(Config\Cache), false)
 5 SYSTEMPATH\Boot.php(334): CodeIgniter\CodeIgniter->run()
 6 SYSTEMPATH\Boot.php(67): CodeIgniter\Boot::runCodeIgniter(Object(CodeIgniter\CodeIgniter))
 7 FCPATH\index.php(56): CodeIgniter\Boot::bootWeb(Object(Config\Paths))
 8 SYSTEMPATH\rewrite.php(44): require_once('C:\\xampp\\htdocs\\codeiginator\\hospital.hypersofts.com\\public\\index.php')
CRITICAL - 2025-03-27 16:45:26 --> ErrorException: Undefined property: App\Controllers\Login::$load
[Method: GET, Route: login/admin]
in APPPATH\Controllers\Login.php on line 44.
 1 APPPATH\Controllers\Login.php(44): CodeIgniter\Debug\Exceptions->errorHandler(2, 'Undefined property: App\\Controllers\\Login::$load', 'C:\\xampp\\htdocs\\codeiginator\\hospital.hypersofts.com\\app\\Controllers\\Login.php', 44)
 2 SYSTEMPATH\CodeIgniter.php(933): App\Controllers\Login->admin()
 3 SYSTEMPATH\CodeIgniter.php(507): CodeIgniter\CodeIgniter->runController(Object(App\Controllers\Login))
 4 SYSTEMPATH\CodeIgniter.php(354): CodeIgniter\CodeIgniter->handleRequest(null, Object(Config\Cache), false)
 5 SYSTEMPATH\Boot.php(334): CodeIgniter\CodeIgniter->run()
 6 SYSTEMPATH\Boot.php(67): CodeIgniter\Boot::runCodeIgniter(Object(CodeIgniter\CodeIgniter))
 7 FCPATH\index.php(56): CodeIgniter\Boot::bootWeb(Object(Config\Paths))
 8 SYSTEMPATH\rewrite.php(44): require_once('C:\\xampp\\htdocs\\codeiginator\\hospital.hypersofts.com\\public\\index.php')
CRITICAL - 2025-03-27 16:46:31 --> Error: Call to undefined function get_assets_url()
[Method: GET, Route: login/admin]
in APPPATH\Views\login\admin.php on line 6.
 1 SYSTEMPATH\View\View.php(224): include()
 2 SYSTEMPATH\View\View.php(227): CodeIgniter\View\View->CodeIgniter\View\{closure}()
 3 SYSTEMPATH\Common.php(1173): CodeIgniter\View\View->render('login/admin', [], true)
 4 APPPATH\Controllers\Login.php(44): view('login/admin')
 5 SYSTEMPATH\CodeIgniter.php(933): App\Controllers\Login->admin()
 6 SYSTEMPATH\CodeIgniter.php(507): CodeIgniter\CodeIgniter->runController(Object(App\Controllers\Login))
 7 SYSTEMPATH\CodeIgniter.php(354): CodeIgniter\CodeIgniter->handleRequest(null, Object(Config\Cache), false)
 8 SYSTEMPATH\Boot.php(334): CodeIgniter\CodeIgniter->run()
 9 SYSTEMPATH\Boot.php(67): CodeIgniter\Boot::runCodeIgniter(Object(CodeIgniter\CodeIgniter))
10 FCPATH\index.php(56): CodeIgniter\Boot::bootWeb(Object(Config\Paths))
11 SYSTEMPATH\rewrite.php(44): require_once('C:\\xampp\\htdocs\\codeiginator\\hospital.hypersofts.com\\public\\index.php')
CRITICAL - 2025-03-27 16:51:13 --> Error: Call to undefined function get_assets_url()
[Method: GET, Route: login/admin]
in APPPATH\Views\login\admin.php on line 6.
 1 SYSTEMPATH\View\View.php(224): include()
 2 SYSTEMPATH\View\View.php(227): CodeIgniter\View\View->CodeIgniter\View\{closure}()
 3 SYSTEMPATH\Common.php(1173): CodeIgniter\View\View->render('login/admin', [], true)
 4 APPPATH\Controllers\Login.php(44): view('login/admin')
 5 SYSTEMPATH\CodeIgniter.php(933): App\Controllers\Login->admin()
 6 SYSTEMPATH\CodeIgniter.php(507): CodeIgniter\CodeIgniter->runController(Object(App\Controllers\Login))
 7 SYSTEMPATH\CodeIgniter.php(354): CodeIgniter\CodeIgniter->handleRequest(null, Object(Config\Cache), false)
 8 SYSTEMPATH\Boot.php(334): CodeIgniter\CodeIgniter->run()
 9 SYSTEMPATH\Boot.php(67): CodeIgniter\Boot::runCodeIgniter(Object(CodeIgniter\CodeIgniter))
10 FCPATH\index.php(56): CodeIgniter\Boot::bootWeb(Object(Config\Paths))
11 SYSTEMPATH\rewrite.php(44): require_once('C:\\xampp\\htdocs\\codeiginator\\hospital.hypersofts.com\\public\\index.php')
CRITICAL - 2025-03-27 16:51:18 --> Error: Call to undefined function get_assets_url()
[Method: GET, Route: login/admin]
in APPPATH\Views\login\admin.php on line 6.
 1 SYSTEMPATH\View\View.php(224): include()
 2 SYSTEMPATH\View\View.php(227): CodeIgniter\View\View->CodeIgniter\View\{closure}()
 3 SYSTEMPATH\Common.php(1173): CodeIgniter\View\View->render('login/admin', [], true)
 4 APPPATH\Controllers\Login.php(44): view('login/admin')
 5 SYSTEMPATH\CodeIgniter.php(933): App\Controllers\Login->admin()
 6 SYSTEMPATH\CodeIgniter.php(507): CodeIgniter\CodeIgniter->runController(Object(App\Controllers\Login))
 7 SYSTEMPATH\CodeIgniter.php(354): CodeIgniter\CodeIgniter->handleRequest(null, Object(Config\Cache), false)
 8 SYSTEMPATH\Boot.php(334): CodeIgniter\CodeIgniter->run()
 9 SYSTEMPATH\Boot.php(67): CodeIgniter\Boot::runCodeIgniter(Object(CodeIgniter\CodeIgniter))
10 FCPATH\index.php(56): CodeIgniter\Boot::bootWeb(Object(Config\Paths))
11 SYSTEMPATH\rewrite.php(44): require_once('C:\\xampp\\htdocs\\codeiginator\\hospital.hypersofts.com\\public\\index.php')
CRITICAL - 2025-03-27 16:52:00 --> Error: Call to undefined function alert()
[Method: GET, Route: login/admin]
in APPPATH\Views\login\admin.php on line 48.
 1 SYSTEMPATH\View\View.php(224): include()
 2 SYSTEMPATH\View\View.php(227): CodeIgniter\View\View->CodeIgniter\View\{closure}()
 3 SYSTEMPATH\Common.php(1173): CodeIgniter\View\View->render('login/admin', [], true)
 4 APPPATH\Controllers\Login.php(44): view('login/admin')
 5 SYSTEMPATH\CodeIgniter.php(933): App\Controllers\Login->admin()
 6 SYSTEMPATH\CodeIgniter.php(507): CodeIgniter\CodeIgniter->runController(Object(App\Controllers\Login))
 7 SYSTEMPATH\CodeIgniter.php(354): CodeIgniter\CodeIgniter->handleRequest(null, Object(Config\Cache), false)
 8 SYSTEMPATH\Boot.php(334): CodeIgniter\CodeIgniter->run()
 9 SYSTEMPATH\Boot.php(67): CodeIgniter\Boot::runCodeIgniter(Object(CodeIgniter\CodeIgniter))
10 FCPATH\index.php(56): CodeIgniter\Boot::bootWeb(Object(Config\Paths))
11 SYSTEMPATH\rewrite.php(44): require_once('C:\\xampp\\htdocs\\codeiginator\\hospital.hypersofts.com\\public\\index.php')
CRITICAL - 2025-03-27 16:52:27 --> Error: Call to undefined function set_value()
[Method: GET, Route: login/admin]
in APPPATH\Views\login\admin.php on line 55.
 1 SYSTEMPATH\View\View.php(224): include()
 2 SYSTEMPATH\View\View.php(227): CodeIgniter\View\View->CodeIgniter\View\{closure}()
 3 SYSTEMPATH\Common.php(1173): CodeIgniter\View\View->render('login/admin', [], true)
 4 APPPATH\Controllers\Login.php(44): view('login/admin')
 5 SYSTEMPATH\CodeIgniter.php(933): App\Controllers\Login->admin()
 6 SYSTEMPATH\CodeIgniter.php(507): CodeIgniter\CodeIgniter->runController(Object(App\Controllers\Login))
 7 SYSTEMPATH\CodeIgniter.php(354): CodeIgniter\CodeIgniter->handleRequest(null, Object(Config\Cache), false)
 8 SYSTEMPATH\Boot.php(334): CodeIgniter\CodeIgniter->run()
 9 SYSTEMPATH\Boot.php(67): CodeIgniter\Boot::runCodeIgniter(Object(CodeIgniter\CodeIgniter))
10 FCPATH\index.php(56): CodeIgniter\Boot::bootWeb(Object(Config\Paths))
11 SYSTEMPATH\rewrite.php(44): require_once('C:\\xampp\\htdocs\\codeiginator\\hospital.hypersofts.com\\public\\index.php')
CRITICAL - 2025-03-27 16:54:36 --> ErrorException: Undefined property: App\Controllers\Login::$form_validation
[Method: GET, Route: login/admin]
in APPPATH\Controllers\Login.php on line 34.
 1 APPPATH\Controllers\Login.php(34): CodeIgniter\Debug\Exceptions->errorHandler(2, 'Undefined property: App\\Controllers\\Login::$form_validation', 'C:\\xampp\\htdocs\\codeiginator\\hospital.hypersofts.com\\app\\Controllers\\Login.php', 34)
 2 SYSTEMPATH\CodeIgniter.php(933): App\Controllers\Login->admin()
 3 SYSTEMPATH\CodeIgniter.php(507): CodeIgniter\CodeIgniter->runController(Object(App\Controllers\Login))
 4 SYSTEMPATH\CodeIgniter.php(354): CodeIgniter\CodeIgniter->handleRequest(null, Object(Config\Cache), false)
 5 SYSTEMPATH\Boot.php(334): CodeIgniter\CodeIgniter->run()
 6 SYSTEMPATH\Boot.php(67): CodeIgniter\Boot::runCodeIgniter(Object(CodeIgniter\CodeIgniter))
 7 FCPATH\index.php(56): CodeIgniter\Boot::bootWeb(Object(Config\Paths))
 8 SYSTEMPATH\rewrite.php(44): require_once('C:\\xampp\\htdocs\\codeiginator\\hospital.hypersofts.com\\public\\index.php')
CRITICAL - 2025-03-27 16:57:52 --> Error: Call to undefined function App\Controllers\get_the_current_user()
[Method: GET, Route: login/admin]
in APPPATH\Controllers\Login.php on line 23.
 1 SYSTEMPATH\CodeIgniter.php(933): App\Controllers\Login->admin()
 2 SYSTEMPATH\CodeIgniter.php(507): CodeIgniter\CodeIgniter->runController(Object(App\Controllers\Login))
 3 SYSTEMPATH\CodeIgniter.php(354): CodeIgniter\CodeIgniter->handleRequest(null, Object(Config\Cache), false)
 4 SYSTEMPATH\Boot.php(334): CodeIgniter\CodeIgniter->run()
 5 SYSTEMPATH\Boot.php(67): CodeIgniter\Boot::runCodeIgniter(Object(CodeIgniter\CodeIgniter))
 6 FCPATH\index.php(56): CodeIgniter\Boot::bootWeb(Object(Config\Paths))
 7 SYSTEMPATH\rewrite.php(44): require_once('C:\\xampp\\htdocs\\codeiginator\\hospital.hypersofts.com\\public\\index.php')
CRITICAL - 2025-03-27 16:58:23 --> Error: Call to undefined function get_instance()
[Method: GET, Route: login/admin]
in APPPATH\Helpers\elfin_helper.php on line 4.
 1 APPPATH\Controllers\Login.php(23): get_the_current_user(1)
 2 SYSTEMPATH\CodeIgniter.php(933): App\Controllers\Login->admin()
 3 SYSTEMPATH\CodeIgniter.php(507): CodeIgniter\CodeIgniter->runController(Object(App\Controllers\Login))
 4 SYSTEMPATH\CodeIgniter.php(354): CodeIgniter\CodeIgniter->handleRequest(null, Object(Config\Cache), false)
 5 SYSTEMPATH\Boot.php(334): CodeIgniter\CodeIgniter->run()
 6 SYSTEMPATH\Boot.php(67): CodeIgniter\Boot::runCodeIgniter(Object(CodeIgniter\CodeIgniter))
 7 FCPATH\index.php(56): CodeIgniter\Boot::bootWeb(Object(Config\Paths))
 8 SYSTEMPATH\rewrite.php(44): require_once('C:\\xampp\\htdocs\\codeiginator\\hospital.hypersofts.com\\public\\index.php')
CRITICAL - 2025-03-27 16:58:35 --> Error: Call to undefined function form_error()
[Method: GET, Route: login/admin]
in APPPATH\Views\login\admin.php on line 57.
 1 SYSTEMPATH\View\View.php(224): include()
 2 SYSTEMPATH\View\View.php(227): CodeIgniter\View\View->CodeIgniter\View\{closure}()
 3 SYSTEMPATH\Common.php(1173): CodeIgniter\View\View->render('login/admin', [], true)
 4 APPPATH\Controllers\Login.php(45): view('login/admin')
 5 SYSTEMPATH\CodeIgniter.php(933): App\Controllers\Login->admin()
 6 SYSTEMPATH\CodeIgniter.php(507): CodeIgniter\CodeIgniter->runController(Object(App\Controllers\Login))
 7 SYSTEMPATH\CodeIgniter.php(354): CodeIgniter\CodeIgniter->handleRequest(null, Object(Config\Cache), false)
 8 SYSTEMPATH\Boot.php(334): CodeIgniter\CodeIgniter->run()
 9 SYSTEMPATH\Boot.php(67): CodeIgniter\Boot::runCodeIgniter(Object(CodeIgniter\CodeIgniter))
10 FCPATH\index.php(56): CodeIgniter\Boot::bootWeb(Object(Config\Paths))
11 SYSTEMPATH\rewrite.php(44): require_once('C:\\xampp\\htdocs\\codeiginator\\hospital.hypersofts.com\\public\\index.php')
CRITICAL - 2025-03-27 17:09:40 --> CodeIgniter\View\Exceptions\ViewException: Invalid file: "login/forgotpassword.php"
[Method: GET, Route: login/forgotpassword]
in SYSTEMPATH\Exceptions\FrameworkException.php on line 39.
 1 SYSTEMPATH\View\View.php(212): CodeIgniter\Exceptions\FrameworkException::forInvalidFile('login/forgotpassword.php')
 2 SYSTEMPATH\Common.php(1173): CodeIgniter\View\View->render('login/forgotpassword', [], true)
 3 APPPATH\Controllers\Login.php(101): view('login/forgotpassword')
 4 SYSTEMPATH\CodeIgniter.php(933): App\Controllers\Login->forgotpassword()
 5 SYSTEMPATH\CodeIgniter.php(507): CodeIgniter\CodeIgniter->runController(Object(App\Controllers\Login))
 6 SYSTEMPATH\CodeIgniter.php(354): CodeIgniter\CodeIgniter->handleRequest(null, Object(Config\Cache), false)
 7 SYSTEMPATH\Boot.php(334): CodeIgniter\CodeIgniter->run()
 8 SYSTEMPATH\Boot.php(67): CodeIgniter\Boot::runCodeIgniter(Object(CodeIgniter\CodeIgniter))
 9 FCPATH\index.php(56): CodeIgniter\Boot::bootWeb(Object(Config\Paths))
10 SYSTEMPATH\rewrite.php(44): require_once('C:\\xampp\\htdocs\\codeiginator\\hospital.hypersofts.com\\public\\index.php')
CRITICAL - 2025-03-27 17:10:42 --> Error: Call to undefined function cms_current_url()
[Method: GET, Route: login/forgotpassword]
in APPPATH\Views\login\forgotpassword.php on line 32.
 1 SYSTEMPATH\View\View.php(224): include()
 2 SYSTEMPATH\View\View.php(227): CodeIgniter\View\View->CodeIgniter\View\{closure}()
 3 SYSTEMPATH\Common.php(1173): CodeIgniter\View\View->render('login/forgotpassword', [], true)
 4 APPPATH\Controllers\Login.php(101): view('login/forgotpassword')
 5 SYSTEMPATH\CodeIgniter.php(933): App\Controllers\Login->forgotpassword()
 6 SYSTEMPATH\CodeIgniter.php(507): CodeIgniter\CodeIgniter->runController(Object(App\Controllers\Login))
 7 SYSTEMPATH\CodeIgniter.php(354): CodeIgniter\CodeIgniter->handleRequest(null, Object(Config\Cache), false)
 8 SYSTEMPATH\Boot.php(334): CodeIgniter\CodeIgniter->run()
 9 SYSTEMPATH\Boot.php(67): CodeIgniter\Boot::runCodeIgniter(Object(CodeIgniter\CodeIgniter))
10 FCPATH\index.php(56): CodeIgniter\Boot::bootWeb(Object(Config\Paths))
11 SYSTEMPATH\rewrite.php(44): require_once('C:\\xampp\\htdocs\\codeiginator\\hospital.hypersofts.com\\public\\index.php')
CRITICAL - 2025-03-27 17:12:14 --> Error: Call to undefined function get_instance()
[Method: GET, Route: login/forgotpassword]
in APPPATH\Helpers\elfin_helper.php on line 31.
 1 APPPATH\Views\login\forgotpassword.php(32): cms_current_url()
 2 SYSTEMPATH\View\View.php(224): include('C:\\xampp\\htdocs\\codeiginator\\hospital.hypersofts.com\\app\\Views\\login\\forgotpassword.php')
 3 SYSTEMPATH\View\View.php(227): CodeIgniter\View\View->CodeIgniter\View\{closure}()
 4 SYSTEMPATH\Common.php(1173): CodeIgniter\View\View->render('login/forgotpassword', [], true)
 5 APPPATH\Controllers\Login.php(101): view('login/forgotpassword')
 6 SYSTEMPATH\CodeIgniter.php(933): App\Controllers\Login->forgotpassword()
 7 SYSTEMPATH\CodeIgniter.php(507): CodeIgniter\CodeIgniter->runController(Object(App\Controllers\Login))
 8 SYSTEMPATH\CodeIgniter.php(354): CodeIgniter\CodeIgniter->handleRequest(null, Object(Config\Cache), false)
 9 SYSTEMPATH\Boot.php(334): CodeIgniter\CodeIgniter->run()
10 SYSTEMPATH\Boot.php(67): CodeIgniter\Boot::runCodeIgniter(Object(CodeIgniter\CodeIgniter))
11 FCPATH\index.php(56): CodeIgniter\Boot::bootWeb(Object(Config\Paths))
12 SYSTEMPATH\rewrite.php(44): require_once('C:\\xampp\\htdocs\\codeiginator\\hospital.hypersofts.com\\public\\index.php')
CRITICAL - 2025-03-27 17:18:12 --> Error: Call to undefined function get_instance()
[Method: GET, Route: login/forgotpassword]
in APPPATH\Helpers\elfin_helper.php on line 31.
 1 APPPATH\Views\login\forgotpassword.php(32): cms_current_url()
 2 SYSTEMPATH\View\View.php(224): include('C:\\xampp\\htdocs\\codeiginator\\hospital.hypersofts.com\\app\\Views\\login\\forgotpassword.php')
 3 SYSTEMPATH\View\View.php(227): CodeIgniter\View\View->CodeIgniter\View\{closure}()
 4 SYSTEMPATH\Common.php(1173): CodeIgniter\View\View->render('login/forgotpassword', [], true)
 5 APPPATH\Controllers\Login.php(101): view('login/forgotpassword')
 6 SYSTEMPATH\CodeIgniter.php(933): App\Controllers\Login->forgotpassword()
 7 SYSTEMPATH\CodeIgniter.php(507): CodeIgniter\CodeIgniter->runController(Object(App\Controllers\Login))
 8 SYSTEMPATH\CodeIgniter.php(354): CodeIgniter\CodeIgniter->handleRequest(null, Object(Config\Cache), false)
 9 SYSTEMPATH\Boot.php(334): CodeIgniter\CodeIgniter->run()
10 SYSTEMPATH\Boot.php(67): CodeIgniter\Boot::runCodeIgniter(Object(CodeIgniter\CodeIgniter))
11 FCPATH\index.php(56): CodeIgniter\Boot::bootWeb(Object(Config\Paths))
12 SYSTEMPATH\rewrite.php(44): require_once('C:\\xampp\\htdocs\\codeiginator\\hospital.hypersofts.com\\public\\index.php')
CRITICAL - 2025-03-27 17:18:33 --> Error: Call to undefined function alert()
[Method: GET, Route: login/forgotpassword]
in APPPATH\Views\login\forgotpassword.php on line 35.
 1 SYSTEMPATH\View\View.php(224): include()
 2 SYSTEMPATH\View\View.php(227): CodeIgniter\View\View->CodeIgniter\View\{closure}()
 3 SYSTEMPATH\Common.php(1173): CodeIgniter\View\View->render('login/forgotpassword', [], true)
 4 APPPATH\Controllers\Login.php(101): view('login/forgotpassword')
 5 SYSTEMPATH\CodeIgniter.php(933): App\Controllers\Login->forgotpassword()
 6 SYSTEMPATH\CodeIgniter.php(507): CodeIgniter\CodeIgniter->runController(Object(App\Controllers\Login))
 7 SYSTEMPATH\CodeIgniter.php(354): CodeIgniter\CodeIgniter->handleRequest(null, Object(Config\Cache), false)
 8 SYSTEMPATH\Boot.php(334): CodeIgniter\CodeIgniter->run()
 9 SYSTEMPATH\Boot.php(67): CodeIgniter\Boot::runCodeIgniter(Object(CodeIgniter\CodeIgniter))
10 FCPATH\index.php(56): CodeIgniter\Boot::bootWeb(Object(Config\Paths))
11 SYSTEMPATH\rewrite.php(44): require_once('C:\\xampp\\htdocs\\codeiginator\\hospital.hypersofts.com\\public\\index.php')
CRITICAL - 2025-03-27 17:20:12 --> Error: Call to undefined function form_error()
[Method: GET, Route: login/forgotpassword]
in APPPATH\Views\login\forgotpassword.php on line 41.
 1 SYSTEMPATH\View\View.php(224): include()
 2 SYSTEMPATH\View\View.php(227): CodeIgniter\View\View->CodeIgniter\View\{closure}()
 3 SYSTEMPATH\Common.php(1173): CodeIgniter\View\View->render('login/forgotpassword', [], true)
 4 APPPATH\Controllers\Login.php(101): view('login/forgotpassword')
 5 SYSTEMPATH\CodeIgniter.php(933): App\Controllers\Login->forgotpassword()
 6 SYSTEMPATH\CodeIgniter.php(507): CodeIgniter\CodeIgniter->runController(Object(App\Controllers\Login))
 7 SYSTEMPATH\CodeIgniter.php(354): CodeIgniter\CodeIgniter->handleRequest(null, Object(Config\Cache), false)
 8 SYSTEMPATH\Boot.php(334): CodeIgniter\CodeIgniter->run()
 9 SYSTEMPATH\Boot.php(67): CodeIgniter\Boot::runCodeIgniter(Object(CodeIgniter\CodeIgniter))
10 FCPATH\index.php(56): CodeIgniter\Boot::bootWeb(Object(Config\Paths))
11 SYSTEMPATH\rewrite.php(44): require_once('C:\\xampp\\htdocs\\codeiginator\\hospital.hypersofts.com\\public\\index.php')
CRITICAL - 2025-03-27 17:42:46 --> ArgumentCountError: Too few arguments to function App\Controllers\Login::forget_password_response(), 0 passed in C:\xampp\htdocs\codeiginator\hospital.hypersofts.com\system\CodeIgniter.php on line 933 and exactly 1 expected
[Method: GET, Route: login/reset_forget_password]
in APPPATH\Controllers\Login.php on line 113.
 1 SYSTEMPATH\CodeIgniter.php(933): App\Controllers\Login->forget_password_response()
 2 SYSTEMPATH\CodeIgniter.php(507): CodeIgniter\CodeIgniter->runController(Object(App\Controllers\Login))
 3 SYSTEMPATH\CodeIgniter.php(354): CodeIgniter\CodeIgniter->handleRequest(null, Object(Config\Cache), false)
 4 SYSTEMPATH\Boot.php(334): CodeIgniter\CodeIgniter->run()
 5 SYSTEMPATH\Boot.php(67): CodeIgniter\Boot::runCodeIgniter(Object(CodeIgniter\CodeIgniter))
 6 FCPATH\index.php(56): CodeIgniter\Boot::bootWeb(Object(Config\Paths))
 7 SYSTEMPATH\rewrite.php(44): require_once('C:\\xampp\\htdocs\\codeiginator\\hospital.hypersofts.com\\public\\index.php')
