ERROR - 2025-04-03 15:39:12 --> Error connecting to the database: mysqli_sql_exception: Access denied for user 'hospital_hypersoft'@'localhost' (using password: YES) in C:\xampp\htdocs\hypersofts\system\Database\MySQLi\Connection.php:201
Stack trace:
#0 C:\xampp\htdocs\hypersofts\system\Database\MySQLi\Connection.php(201): mysqli->real_connect('localhost', 'hospital_hypers...', Object(SensitiveParameterValue), 'hospital', 3306, '', 0)
#1 C:\xampp\htdocs\hypersofts\system\Database\BaseConnection.php(421): CodeIgniter\Database\MySQLi\Connection->connect(false)
#2 C:\xampp\htdocs\hypersofts\system\Database\BaseConnection.php(620): CodeIgniter\Database\BaseConnection->initialize()
#3 C:\xampp\htdocs\hypersofts\system\Database\BaseBuilder.php(1649): CodeIgniter\Database\BaseConnection->query('SELECT *\nFROM `...', Array, false)
#4 C:\xampp\htdocs\hypersofts\app\Helpers\elfin_helper.php(70): CodeIgniter\Database\BaseBuilder->get()
#5 C:\xampp\htdocs\hypersofts\app\Helpers\elfin_helper.php(59): get_option('timezone', 'Etc/Greenwich')
#6 C:\xampp\htdocs\hypersofts\app\Controllers\LoginController.php(18): set_timezone()
#7 C:\xampp\htdocs\hypersofts\system\CodeIgniter.php(903): App\Controllers\LoginController->__construct()
#8 C:\xampp\htdocs\hypersofts\system\CodeIgniter.php(498): CodeIgniter\CodeIgniter->createController()
#9 C:\xampp\htdocs\hypersofts\system\CodeIgniter.php(354): CodeIgniter\CodeIgniter->handleRequest(NULL, Object(Config\Cache), false)
#10 C:\xampp\htdocs\hypersofts\system\Boot.php(334): CodeIgniter\CodeIgniter->run()
#11 C:\xampp\htdocs\hypersofts\system\Boot.php(67): CodeIgniter\Boot::runCodeIgniter(Object(CodeIgniter\CodeIgniter))
#12 C:\xampp\htdocs\hypersofts\index.php(57): CodeIgniter\Boot::bootWeb(Object(Config\Paths))
#13 {main}

Next CodeIgniter\Database\Exceptions\DatabaseException: Access denied for user '****'@'localhost' (using password: YES) in C:\xampp\htdocs\hypersofts\system\Database\MySQLi\Connection.php:246
Stack trace:
#0 C:\xampp\htdocs\hypersofts\system\Database\BaseConnection.php(421): CodeIgniter\Database\MySQLi\Connection->connect(false)
#1 C:\xampp\htdocs\hypersofts\system\Database\BaseConnection.php(620): CodeIgniter\Database\BaseConnection->initialize()
#2 C:\xampp\htdocs\hypersofts\system\Database\BaseBuilder.php(1649): CodeIgniter\Database\BaseConnection->query('SELECT *\nFROM `...', Array, false)
#3 C:\xampp\htdocs\hypersofts\app\Helpers\elfin_helper.php(70): CodeIgniter\Database\BaseBuilder->get()
#4 C:\xampp\htdocs\hypersofts\app\Helpers\elfin_helper.php(59): get_option('timezone', 'Etc/Greenwich')
#5 C:\xampp\htdocs\hypersofts\app\Controllers\LoginController.php(18): set_timezone()
#6 C:\xampp\htdocs\hypersofts\system\CodeIgniter.php(903): App\Controllers\LoginController->__construct()
#7 C:\xampp\htdocs\hypersofts\system\CodeIgniter.php(498): CodeIgniter\CodeIgniter->createController()
#8 C:\xampp\htdocs\hypersofts\system\CodeIgniter.php(354): CodeIgniter\CodeIgniter->handleRequest(NULL, Object(Config\Cache), false)
#9 C:\xampp\htdocs\hypersofts\system\Boot.php(334): CodeIgniter\CodeIgniter->run()
#10 C:\xampp\htdocs\hypersofts\system\Boot.php(67): CodeIgniter\Boot::runCodeIgniter(Object(CodeIgniter\CodeIgniter))
#11 C:\xampp\htdocs\hypersofts\index.php(57): CodeIgniter\Boot::bootWeb(Object(Config\Paths))
#12 {main}
CRITICAL - 2025-04-03 15:39:12 --> CodeIgniter\Database\Exceptions\DatabaseException: Unable to connect to the database.
Main connection [MySQLi]: Access denied for user '****'@'localhost' (using password: YES)
[Method: GET, Route: /]
in SYSTEMPATH\Database\BaseConnection.php on line 467.
 1 SYSTEMPATH\Database\BaseConnection.php(620): CodeIgniter\Database\BaseConnection->initialize()
 2 SYSTEMPATH\Database\BaseBuilder.php(1649): CodeIgniter\Database\BaseConnection->query('SELECT *
FROM `options`
WHERE `option` = :option:', [...], false)
 3 APPPATH\Helpers\elfin_helper.php(70): CodeIgniter\Database\BaseBuilder->get()
 4 APPPATH\Helpers\elfin_helper.php(59): get_option('timezone', 'Etc/Greenwich')
 5 APPPATH\Controllers\LoginController.php(18): set_timezone()
 6 SYSTEMPATH\CodeIgniter.php(903): App\Controllers\LoginController->__construct()
 7 SYSTEMPATH\CodeIgniter.php(498): CodeIgniter\CodeIgniter->createController()
 8 SYSTEMPATH\CodeIgniter.php(354): CodeIgniter\CodeIgniter->handleRequest(null, Object(Config\Cache), false)
 9 SYSTEMPATH\Boot.php(334): CodeIgniter\CodeIgniter->run()
10 SYSTEMPATH\Boot.php(67): CodeIgniter\Boot::runCodeIgniter(Object(CodeIgniter\CodeIgniter))
11 FCPATH\index.php(57): CodeIgniter\Boot::bootWeb(Object(Config\Paths))
CRITICAL - 2025-04-03 21:51:27 --> ParseError: Unmatched '}'
[Method: GET, Route: appointments/receipt/262/lab/CON-250316064741]
in APPPATH\Views\appointments\receipt.php on line 140.
 1 SYSTEMPATH\View\View.php(227): CodeIgniter\View\View->CodeIgniter\View\{closure}()
 2 SYSTEMPATH\Common.php(1173): CodeIgniter\View\View->render('appointments/receipt', [], true)
 3 APPPATH\Views\templates\admin_template.php(2): view('appointments/receipt')
 4 SYSTEMPATH\View\View.php(224): include('C:\\xampp\\htdocs\\hypersofts\\app\\Views\\templates\\admin_template.php')
 5 SYSTEMPATH\View\View.php(227): CodeIgniter\View\View->CodeIgniter\View\{closure}()
 6 SYSTEMPATH\Common.php(1173): CodeIgniter\View\View->render('templates/admin_template', [], true)
 7 APPPATH\Controllers\AppointmentController.php(1130): view('templates/admin_template', [...])
 8 SYSTEMPATH\CodeIgniter.php(933): App\Controllers\AppointmentController->receipt('262', 'CON-250316064741')
 9 SYSTEMPATH\CodeIgniter.php(507): CodeIgniter\CodeIgniter->runController(Object(App\Controllers\AppointmentController))
10 SYSTEMPATH\CodeIgniter.php(354): CodeIgniter\CodeIgniter->handleRequest(null, Object(Config\Cache), false)
11 SYSTEMPATH\Boot.php(334): CodeIgniter\CodeIgniter->run()
12 SYSTEMPATH\Boot.php(67): CodeIgniter\Boot::runCodeIgniter(Object(CodeIgniter\CodeIgniter))
13 FCPATH\index.php(57): CodeIgniter\Boot::bootWeb(Object(Config\Paths))
CRITICAL - 2025-04-03 21:55:04 --> ParseError: Unmatched '}'
[Method: GET, Route: appointments/receipt/262/lab/CON-250316064741]
in APPPATH\Views\appointments\receipt.php on line 140.
 1 SYSTEMPATH\View\View.php(227): CodeIgniter\View\View->CodeIgniter\View\{closure}()
 2 SYSTEMPATH\Common.php(1173): CodeIgniter\View\View->render('appointments/receipt', [], true)
 3 APPPATH\Views\templates\admin_template.php(2): view('appointments/receipt')
 4 SYSTEMPATH\View\View.php(224): include('C:\\xampp\\htdocs\\hypersofts\\app\\Views\\templates\\admin_template.php')
 5 SYSTEMPATH\View\View.php(227): CodeIgniter\View\View->CodeIgniter\View\{closure}()
 6 SYSTEMPATH\Common.php(1173): CodeIgniter\View\View->render('templates/admin_template', [], true)
 7 APPPATH\Controllers\AppointmentController.php(1130): view('templates/admin_template', [...])
 8 SYSTEMPATH\CodeIgniter.php(933): App\Controllers\AppointmentController->receipt('262', 'CON-250316064741')
 9 SYSTEMPATH\CodeIgniter.php(507): CodeIgniter\CodeIgniter->runController(Object(App\Controllers\AppointmentController))
10 SYSTEMPATH\CodeIgniter.php(354): CodeIgniter\CodeIgniter->handleRequest(null, Object(Config\Cache), false)
11 SYSTEMPATH\Boot.php(334): CodeIgniter\CodeIgniter->run()
12 SYSTEMPATH\Boot.php(67): CodeIgniter\Boot::runCodeIgniter(Object(CodeIgniter\CodeIgniter))
13 FCPATH\index.php(57): CodeIgniter\Boot::bootWeb(Object(Config\Paths))
CRITICAL - 2025-04-03 21:55:39 --> ParseError: Unmatched '}'
[Method: GET, Route: appointments/receipt/262/lab/CON-250316064741]
in APPPATH\Views\appointments\receipt.php on line 145.
 1 SYSTEMPATH\View\View.php(227): CodeIgniter\View\View->CodeIgniter\View\{closure}()
 2 SYSTEMPATH\Common.php(1173): CodeIgniter\View\View->render('appointments/receipt', [], true)
 3 APPPATH\Views\templates\admin_template.php(2): view('appointments/receipt')
 4 SYSTEMPATH\View\View.php(224): include('C:\\xampp\\htdocs\\hypersofts\\app\\Views\\templates\\admin_template.php')
 5 SYSTEMPATH\View\View.php(227): CodeIgniter\View\View->CodeIgniter\View\{closure}()
 6 SYSTEMPATH\Common.php(1173): CodeIgniter\View\View->render('templates/admin_template', [], true)
 7 APPPATH\Controllers\AppointmentController.php(1130): view('templates/admin_template', [...])
 8 SYSTEMPATH\CodeIgniter.php(933): App\Controllers\AppointmentController->receipt('262', 'CON-250316064741')
 9 SYSTEMPATH\CodeIgniter.php(507): CodeIgniter\CodeIgniter->runController(Object(App\Controllers\AppointmentController))
10 SYSTEMPATH\CodeIgniter.php(354): CodeIgniter\CodeIgniter->handleRequest(null, Object(Config\Cache), false)
11 SYSTEMPATH\Boot.php(334): CodeIgniter\CodeIgniter->run()
12 SYSTEMPATH\Boot.php(67): CodeIgniter\Boot::runCodeIgniter(Object(CodeIgniter\CodeIgniter))
13 FCPATH\index.php(57): CodeIgniter\Boot::bootWeb(Object(Config\Paths))
CRITICAL - 2025-04-03 21:56:16 --> ParseError: Unmatched '}'
[Method: GET, Route: appointments/receipt/262/lab/CON-250316064741]
in APPPATH\Views\appointments\receipt.php on line 143.
 1 SYSTEMPATH\View\View.php(227): CodeIgniter\View\View->CodeIgniter\View\{closure}()
 2 SYSTEMPATH\Common.php(1173): CodeIgniter\View\View->render('appointments/receipt', [], true)
 3 APPPATH\Views\templates\admin_template.php(2): view('appointments/receipt')
 4 SYSTEMPATH\View\View.php(224): include('C:\\xampp\\htdocs\\hypersofts\\app\\Views\\templates\\admin_template.php')
 5 SYSTEMPATH\View\View.php(227): CodeIgniter\View\View->CodeIgniter\View\{closure}()
 6 SYSTEMPATH\Common.php(1173): CodeIgniter\View\View->render('templates/admin_template', [], true)
 7 APPPATH\Controllers\AppointmentController.php(1130): view('templates/admin_template', [...])
 8 SYSTEMPATH\CodeIgniter.php(933): App\Controllers\AppointmentController->receipt('262', 'CON-250316064741')
 9 SYSTEMPATH\CodeIgniter.php(507): CodeIgniter\CodeIgniter->runController(Object(App\Controllers\AppointmentController))
10 SYSTEMPATH\CodeIgniter.php(354): CodeIgniter\CodeIgniter->handleRequest(null, Object(Config\Cache), false)
11 SYSTEMPATH\Boot.php(334): CodeIgniter\CodeIgniter->run()
12 SYSTEMPATH\Boot.php(67): CodeIgniter\Boot::runCodeIgniter(Object(CodeIgniter\CodeIgniter))
13 FCPATH\index.php(57): CodeIgniter\Boot::bootWeb(Object(Config\Paths))
CRITICAL - 2025-04-03 21:57:12 --> ErrorException: Undefined property: CodeIgniter\View\View::$uri
[Method: GET, Route: appointments/receipt/262/lab/CON-250316064741]
in APPPATH\Views\appointments\receipt.php on line 53.
 1 APPPATH\Views\appointments\receipt.php(53): CodeIgniter\Debug\Exceptions->errorHandler(2, 'Undefined property: CodeIgniter\\View\\View::$uri', 'C:\\xampp\\htdocs\\hypersofts\\app\\Views\\appointments\\receipt.php', 53)
 2 SYSTEMPATH\View\View.php(224): include('C:\\xampp\\htdocs\\hypersofts\\app\\Views\\appointments\\receipt.php')
 3 SYSTEMPATH\View\View.php(227): CodeIgniter\View\View->CodeIgniter\View\{closure}()
 4 SYSTEMPATH\Common.php(1173): CodeIgniter\View\View->render('appointments/receipt', [], true)
 5 APPPATH\Views\templates\admin_template.php(2): view('appointments/receipt')
 6 SYSTEMPATH\View\View.php(224): include('C:\\xampp\\htdocs\\hypersofts\\app\\Views\\templates\\admin_template.php')
 7 SYSTEMPATH\View\View.php(227): CodeIgniter\View\View->CodeIgniter\View\{closure}()
 8 SYSTEMPATH\Common.php(1173): CodeIgniter\View\View->render('templates/admin_template', [], true)
 9 APPPATH\Controllers\AppointmentController.php(1130): view('templates/admin_template', [...])
10 SYSTEMPATH\CodeIgniter.php(933): App\Controllers\AppointmentController->receipt('262', 'CON-250316064741')
11 SYSTEMPATH\CodeIgniter.php(507): CodeIgniter\CodeIgniter->runController(Object(App\Controllers\AppointmentController))
12 SYSTEMPATH\CodeIgniter.php(354): CodeIgniter\CodeIgniter->handleRequest(null, Object(Config\Cache), false)
13 SYSTEMPATH\Boot.php(334): CodeIgniter\CodeIgniter->run()
14 SYSTEMPATH\Boot.php(67): CodeIgniter\Boot::runCodeIgniter(Object(CodeIgniter\CodeIgniter))
15 FCPATH\index.php(57): CodeIgniter\Boot::bootWeb(Object(Config\Paths))
CRITICAL - 2025-04-03 21:57:53 --> ErrorException: Undefined property: CodeIgniter\View\View::$uri
[Method: GET, Route: appointments/receipt/262/lab/CON-250316064741]
in APPPATH\Views\appointments\receipt.php on line 53.
 1 APPPATH\Views\appointments\receipt.php(53): CodeIgniter\Debug\Exceptions->errorHandler(2, 'Undefined property: CodeIgniter\\View\\View::$uri', 'C:\\xampp\\htdocs\\hypersofts\\app\\Views\\appointments\\receipt.php', 53)
 2 SYSTEMPATH\View\View.php(224): include('C:\\xampp\\htdocs\\hypersofts\\app\\Views\\appointments\\receipt.php')
 3 SYSTEMPATH\View\View.php(227): CodeIgniter\View\View->CodeIgniter\View\{closure}()
 4 SYSTEMPATH\Common.php(1173): CodeIgniter\View\View->render('appointments/receipt', [], true)
 5 APPPATH\Views\templates\admin_template.php(2): view('appointments/receipt')
 6 SYSTEMPATH\View\View.php(224): include('C:\\xampp\\htdocs\\hypersofts\\app\\Views\\templates\\admin_template.php')
 7 SYSTEMPATH\View\View.php(227): CodeIgniter\View\View->CodeIgniter\View\{closure}()
 8 SYSTEMPATH\Common.php(1173): CodeIgniter\View\View->render('templates/admin_template', [], true)
 9 APPPATH\Controllers\AppointmentController.php(1130): view('templates/admin_template', [...])
10 SYSTEMPATH\CodeIgniter.php(933): App\Controllers\AppointmentController->receipt('262', 'CON-250316064741')
11 SYSTEMPATH\CodeIgniter.php(507): CodeIgniter\CodeIgniter->runController(Object(App\Controllers\AppointmentController))
12 SYSTEMPATH\CodeIgniter.php(354): CodeIgniter\CodeIgniter->handleRequest(null, Object(Config\Cache), false)
13 SYSTEMPATH\Boot.php(334): CodeIgniter\CodeIgniter->run()
14 SYSTEMPATH\Boot.php(67): CodeIgniter\Boot::runCodeIgniter(Object(CodeIgniter\CodeIgniter))
15 FCPATH\index.php(57): CodeIgniter\Boot::bootWeb(Object(Config\Paths))
CRITICAL - 2025-04-03 21:58:23 --> ErrorException: Undefined property: CodeIgniter\View\View::$uri
[Method: GET, Route: appointments/receipt/262/lab/CON-250316064741]
in APPPATH\Views\appointments\receipt.php on line 55.
 1 APPPATH\Views\appointments\receipt.php(55): CodeIgniter\Debug\Exceptions->errorHandler(2, 'Undefined property: CodeIgniter\\View\\View::$uri', 'C:\\xampp\\htdocs\\hypersofts\\app\\Views\\appointments\\receipt.php', 55)
 2 SYSTEMPATH\View\View.php(224): include('C:\\xampp\\htdocs\\hypersofts\\app\\Views\\appointments\\receipt.php')
 3 SYSTEMPATH\View\View.php(227): CodeIgniter\View\View->CodeIgniter\View\{closure}()
 4 SYSTEMPATH\Common.php(1173): CodeIgniter\View\View->render('appointments/receipt', [], true)
 5 APPPATH\Views\templates\admin_template.php(2): view('appointments/receipt')
 6 SYSTEMPATH\View\View.php(224): include('C:\\xampp\\htdocs\\hypersofts\\app\\Views\\templates\\admin_template.php')
 7 SYSTEMPATH\View\View.php(227): CodeIgniter\View\View->CodeIgniter\View\{closure}()
 8 SYSTEMPATH\Common.php(1173): CodeIgniter\View\View->render('templates/admin_template', [], true)
 9 APPPATH\Controllers\AppointmentController.php(1130): view('templates/admin_template', [...])
10 SYSTEMPATH\CodeIgniter.php(933): App\Controllers\AppointmentController->receipt('262', 'CON-250316064741')
11 SYSTEMPATH\CodeIgniter.php(507): CodeIgniter\CodeIgniter->runController(Object(App\Controllers\AppointmentController))
12 SYSTEMPATH\CodeIgniter.php(354): CodeIgniter\CodeIgniter->handleRequest(null, Object(Config\Cache), false)
13 SYSTEMPATH\Boot.php(334): CodeIgniter\CodeIgniter->run()
14 SYSTEMPATH\Boot.php(67): CodeIgniter\Boot::runCodeIgniter(Object(CodeIgniter\CodeIgniter))
15 FCPATH\index.php(57): CodeIgniter\Boot::bootWeb(Object(Config\Paths))
CRITICAL - 2025-04-03 22:15:56 --> ErrorException: Undefined property: CodeIgniter\View\View::$uri
[Method: GET, Route: appointments/receipt/262/lab/CON-250316064741]
in APPPATH\Views\appointments\receipt.php on line 65.
 1 APPPATH\Views\appointments\receipt.php(65): CodeIgniter\Debug\Exceptions->errorHandler(2, 'Undefined property: CodeIgniter\\View\\View::$uri', 'C:\\xampp\\htdocs\\hypersofts\\app\\Views\\appointments\\receipt.php', 65)
 2 SYSTEMPATH\View\View.php(224): include('C:\\xampp\\htdocs\\hypersofts\\app\\Views\\appointments\\receipt.php')
 3 SYSTEMPATH\View\View.php(227): CodeIgniter\View\View->CodeIgniter\View\{closure}()
 4 SYSTEMPATH\Common.php(1173): CodeIgniter\View\View->render('appointments/receipt', [], true)
 5 APPPATH\Views\templates\admin_template.php(2): view('appointments/receipt')
 6 SYSTEMPATH\View\View.php(224): include('C:\\xampp\\htdocs\\hypersofts\\app\\Views\\templates\\admin_template.php')
 7 SYSTEMPATH\View\View.php(227): CodeIgniter\View\View->CodeIgniter\View\{closure}()
 8 SYSTEMPATH\Common.php(1173): CodeIgniter\View\View->render('templates/admin_template', [], true)
 9 APPPATH\Controllers\AppointmentController.php(1130): view('templates/admin_template', [...])
10 SYSTEMPATH\CodeIgniter.php(933): App\Controllers\AppointmentController->receipt('262', 'CON-250316064741')
11 SYSTEMPATH\CodeIgniter.php(507): CodeIgniter\CodeIgniter->runController(Object(App\Controllers\AppointmentController))
12 SYSTEMPATH\CodeIgniter.php(354): CodeIgniter\CodeIgniter->handleRequest(null, Object(Config\Cache), false)
13 SYSTEMPATH\Boot.php(334): CodeIgniter\CodeIgniter->run()
14 SYSTEMPATH\Boot.php(67): CodeIgniter\Boot::runCodeIgniter(Object(CodeIgniter\CodeIgniter))
15 FCPATH\index.php(57): CodeIgniter\Boot::bootWeb(Object(Config\Paths))
CRITICAL - 2025-04-03 22:16:20 --> Error: Call to undefined method CodeIgniter\HTTP\SiteURI::segment()
[Method: GET, Route: appointments/receipt/262/lab/CON-250316064741]
in APPPATH\Views\appointments\receipt.php on line 65.
 1 SYSTEMPATH\View\View.php(224): include()
 2 SYSTEMPATH\View\View.php(227): CodeIgniter\View\View->CodeIgniter\View\{closure}()
 3 SYSTEMPATH\Common.php(1173): CodeIgniter\View\View->render('appointments/receipt', [], true)
 4 APPPATH\Views\templates\admin_template.php(2): view('appointments/receipt')
 5 SYSTEMPATH\View\View.php(224): include('C:\\xampp\\htdocs\\hypersofts\\app\\Views\\templates\\admin_template.php')
 6 SYSTEMPATH\View\View.php(227): CodeIgniter\View\View->CodeIgniter\View\{closure}()
 7 SYSTEMPATH\Common.php(1173): CodeIgniter\View\View->render('templates/admin_template', [], true)
 8 APPPATH\Controllers\AppointmentController.php(1130): view('templates/admin_template', [...])
 9 SYSTEMPATH\CodeIgniter.php(933): App\Controllers\AppointmentController->receipt('262', 'CON-250316064741')
10 SYSTEMPATH\CodeIgniter.php(507): CodeIgniter\CodeIgniter->runController(Object(App\Controllers\AppointmentController))
11 SYSTEMPATH\CodeIgniter.php(354): CodeIgniter\CodeIgniter->handleRequest(null, Object(Config\Cache), false)
12 SYSTEMPATH\Boot.php(334): CodeIgniter\CodeIgniter->run()
13 SYSTEMPATH\Boot.php(67): CodeIgniter\Boot::runCodeIgniter(Object(CodeIgniter\CodeIgniter))
14 FCPATH\index.php(57): CodeIgniter\Boot::bootWeb(Object(Config\Paths))
CRITICAL - 2025-04-03 22:16:59 --> ErrorException: Undefined property: CodeIgniter\View\View::$uri
[Method: GET, Route: appointments/receipt/262/lab/CON-250316064741]
in APPPATH\Views\appointments\receipt.php on line 88.
 1 APPPATH\Views\appointments\receipt.php(88): CodeIgniter\Debug\Exceptions->errorHandler(2, 'Undefined property: CodeIgniter\\View\\View::$uri', 'C:\\xampp\\htdocs\\hypersofts\\app\\Views\\appointments\\receipt.php', 88)
 2 SYSTEMPATH\View\View.php(224): include('C:\\xampp\\htdocs\\hypersofts\\app\\Views\\appointments\\receipt.php')
 3 SYSTEMPATH\View\View.php(227): CodeIgniter\View\View->CodeIgniter\View\{closure}()
 4 SYSTEMPATH\Common.php(1173): CodeIgniter\View\View->render('appointments/receipt', [], true)
 5 APPPATH\Views\templates\admin_template.php(2): view('appointments/receipt')
 6 SYSTEMPATH\View\View.php(224): include('C:\\xampp\\htdocs\\hypersofts\\app\\Views\\templates\\admin_template.php')
 7 SYSTEMPATH\View\View.php(227): CodeIgniter\View\View->CodeIgniter\View\{closure}()
 8 SYSTEMPATH\Common.php(1173): CodeIgniter\View\View->render('templates/admin_template', [], true)
 9 APPPATH\Controllers\AppointmentController.php(1130): view('templates/admin_template', [...])
10 SYSTEMPATH\CodeIgniter.php(933): App\Controllers\AppointmentController->receipt('262', 'CON-250316064741')
11 SYSTEMPATH\CodeIgniter.php(507): CodeIgniter\CodeIgniter->runController(Object(App\Controllers\AppointmentController))
12 SYSTEMPATH\CodeIgniter.php(354): CodeIgniter\CodeIgniter->handleRequest(null, Object(Config\Cache), false)
13 SYSTEMPATH\Boot.php(334): CodeIgniter\CodeIgniter->run()
14 SYSTEMPATH\Boot.php(67): CodeIgniter\Boot::runCodeIgniter(Object(CodeIgniter\CodeIgniter))
15 FCPATH\index.php(57): CodeIgniter\Boot::bootWeb(Object(Config\Paths))
CRITICAL - 2025-04-03 22:29:51 --> ErrorException: Undefined property: CodeIgniter\View\View::$uri
[Method: GET, Route: appointments/receipt/262/lab/CON-250316064741]
in APPPATH\Views\appointments\receipt.php on line 98.
 1 APPPATH\Views\appointments\receipt.php(98): CodeIgniter\Debug\Exceptions->errorHandler(2, 'Undefined property: CodeIgniter\\View\\View::$uri', 'C:\\xampp\\htdocs\\hypersofts\\app\\Views\\appointments\\receipt.php', 98)
 2 SYSTEMPATH\View\View.php(224): include('C:\\xampp\\htdocs\\hypersofts\\app\\Views\\appointments\\receipt.php')
 3 SYSTEMPATH\View\View.php(227): CodeIgniter\View\View->CodeIgniter\View\{closure}()
 4 SYSTEMPATH\Common.php(1173): CodeIgniter\View\View->render('appointments/receipt', [], true)
 5 APPPATH\Views\templates\admin_template.php(2): view('appointments/receipt')
 6 SYSTEMPATH\View\View.php(224): include('C:\\xampp\\htdocs\\hypersofts\\app\\Views\\templates\\admin_template.php')
 7 SYSTEMPATH\View\View.php(227): CodeIgniter\View\View->CodeIgniter\View\{closure}()
 8 SYSTEMPATH\Common.php(1173): CodeIgniter\View\View->render('templates/admin_template', [], true)
 9 APPPATH\Controllers\AppointmentController.php(1130): view('templates/admin_template', [...])
10 SYSTEMPATH\CodeIgniter.php(933): App\Controllers\AppointmentController->receipt('262', 'CON-250316064741')
11 SYSTEMPATH\CodeIgniter.php(507): CodeIgniter\CodeIgniter->runController(Object(App\Controllers\AppointmentController))
12 SYSTEMPATH\CodeIgniter.php(354): CodeIgniter\CodeIgniter->handleRequest(null, Object(Config\Cache), false)
13 SYSTEMPATH\Boot.php(334): CodeIgniter\CodeIgniter->run()
14 SYSTEMPATH\Boot.php(67): CodeIgniter\Boot::runCodeIgniter(Object(CodeIgniter\CodeIgniter))
15 FCPATH\index.php(57): CodeIgniter\Boot::bootWeb(Object(Config\Paths))
CRITICAL - 2025-04-03 22:30:36 --> Error: Call to undefined method CodeIgniter\HTTP\SiteURI::segment()
[Method: GET, Route: appointments/receipt/262/lab/CON-250316064741]
in APPPATH\Views\appointments\receipt.php on line 98.
 1 SYSTEMPATH\View\View.php(224): include()
 2 SYSTEMPATH\View\View.php(227): CodeIgniter\View\View->CodeIgniter\View\{closure}()
 3 SYSTEMPATH\Common.php(1173): CodeIgniter\View\View->render('appointments/receipt', [], true)
 4 APPPATH\Views\templates\admin_template.php(2): view('appointments/receipt')
 5 SYSTEMPATH\View\View.php(224): include('C:\\xampp\\htdocs\\hypersofts\\app\\Views\\templates\\admin_template.php')
 6 SYSTEMPATH\View\View.php(227): CodeIgniter\View\View->CodeIgniter\View\{closure}()
 7 SYSTEMPATH\Common.php(1173): CodeIgniter\View\View->render('templates/admin_template', [], true)
 8 APPPATH\Controllers\AppointmentController.php(1130): view('templates/admin_template', [...])
 9 SYSTEMPATH\CodeIgniter.php(933): App\Controllers\AppointmentController->receipt('262', 'CON-250316064741')
10 SYSTEMPATH\CodeIgniter.php(507): CodeIgniter\CodeIgniter->runController(Object(App\Controllers\AppointmentController))
11 SYSTEMPATH\CodeIgniter.php(354): CodeIgniter\CodeIgniter->handleRequest(null, Object(Config\Cache), false)
12 SYSTEMPATH\Boot.php(334): CodeIgniter\CodeIgniter->run()
13 SYSTEMPATH\Boot.php(67): CodeIgniter\Boot::runCodeIgniter(Object(CodeIgniter\CodeIgniter))
14 FCPATH\index.php(57): CodeIgniter\Boot::bootWeb(Object(Config\Paths))
CRITICAL - 2025-04-03 22:32:01 --> Error: Call to undefined method CodeIgniter\HTTP\SiteURI::segment()
[Method: GET, Route: appointments/receipt/262/lab/CON-250316064741]
in APPPATH\Views\appointments\receipt.php on line 99.
 1 SYSTEMPATH\View\View.php(224): include()
 2 SYSTEMPATH\View\View.php(227): CodeIgniter\View\View->CodeIgniter\View\{closure}()
 3 SYSTEMPATH\Common.php(1173): CodeIgniter\View\View->render('appointments/receipt', [], true)
 4 APPPATH\Views\templates\admin_template.php(2): view('appointments/receipt')
 5 SYSTEMPATH\View\View.php(224): include('C:\\xampp\\htdocs\\hypersofts\\app\\Views\\templates\\admin_template.php')
 6 SYSTEMPATH\View\View.php(227): CodeIgniter\View\View->CodeIgniter\View\{closure}()
 7 SYSTEMPATH\Common.php(1173): CodeIgniter\View\View->render('templates/admin_template', [], true)
 8 APPPATH\Controllers\AppointmentController.php(1130): view('templates/admin_template', [...])
 9 SYSTEMPATH\CodeIgniter.php(933): App\Controllers\AppointmentController->receipt('262', 'CON-250316064741')
10 SYSTEMPATH\CodeIgniter.php(507): CodeIgniter\CodeIgniter->runController(Object(App\Controllers\AppointmentController))
11 SYSTEMPATH\CodeIgniter.php(354): CodeIgniter\CodeIgniter->handleRequest(null, Object(Config\Cache), false)
12 SYSTEMPATH\Boot.php(334): CodeIgniter\CodeIgniter->run()
13 SYSTEMPATH\Boot.php(67): CodeIgniter\Boot::runCodeIgniter(Object(CodeIgniter\CodeIgniter))
14 FCPATH\index.php(57): CodeIgniter\Boot::bootWeb(Object(Config\Paths))
CRITICAL - 2025-04-03 22:32:21 --> Error: Call to undefined method CodeIgniter\HTTP\SiteURI::segment()
[Method: GET, Route: appointments/receipt/262/lab/CON-250316064741]
in APPPATH\Views\appointments\receipt.php on line 96.
 1 SYSTEMPATH\View\View.php(224): include()
 2 SYSTEMPATH\View\View.php(227): CodeIgniter\View\View->CodeIgniter\View\{closure}()
 3 SYSTEMPATH\Common.php(1173): CodeIgniter\View\View->render('appointments/receipt', [], true)
 4 APPPATH\Views\templates\admin_template.php(2): view('appointments/receipt')
 5 SYSTEMPATH\View\View.php(224): include('C:\\xampp\\htdocs\\hypersofts\\app\\Views\\templates\\admin_template.php')
 6 SYSTEMPATH\View\View.php(227): CodeIgniter\View\View->CodeIgniter\View\{closure}()
 7 SYSTEMPATH\Common.php(1173): CodeIgniter\View\View->render('templates/admin_template', [], true)
 8 APPPATH\Controllers\AppointmentController.php(1130): view('templates/admin_template', [...])
 9 SYSTEMPATH\CodeIgniter.php(933): App\Controllers\AppointmentController->receipt('262', 'CON-250316064741')
10 SYSTEMPATH\CodeIgniter.php(507): CodeIgniter\CodeIgniter->runController(Object(App\Controllers\AppointmentController))
11 SYSTEMPATH\CodeIgniter.php(354): CodeIgniter\CodeIgniter->handleRequest(null, Object(Config\Cache), false)
12 SYSTEMPATH\Boot.php(334): CodeIgniter\CodeIgniter->run()
13 SYSTEMPATH\Boot.php(67): CodeIgniter\Boot::runCodeIgniter(Object(CodeIgniter\CodeIgniter))
14 FCPATH\index.php(57): CodeIgniter\Boot::bootWeb(Object(Config\Paths))
CRITICAL - 2025-04-03 23:31:13 --> Error: Call to undefined function get_date_format()
[Method: GET, Route: admin/report]
in APPPATH\Views\admin\report.php on line 45.
 1 SYSTEMPATH\View\View.php(224): include()
 2 SYSTEMPATH\View\View.php(227): CodeIgniter\View\View->CodeIgniter\View\{closure}()
 3 SYSTEMPATH\Common.php(1173): CodeIgniter\View\View->render('admin/report', [], true)
 4 APPPATH\Views\templates\admin_template.php(2): view('admin/report')
 5 SYSTEMPATH\View\View.php(224): include('C:\\xampp\\htdocs\\hypersofts\\app\\Views\\templates\\admin_template.php')
 6 SYSTEMPATH\View\View.php(227): CodeIgniter\View\View->CodeIgniter\View\{closure}()
 7 SYSTEMPATH\Common.php(1173): CodeIgniter\View\View->render('templates/admin_template', [], true)
 8 APPPATH\Controllers\AdminController.php(284): view('templates/admin_template', [...])
 9 SYSTEMPATH\CodeIgniter.php(933): App\Controllers\AdminController->report()
10 SYSTEMPATH\CodeIgniter.php(507): CodeIgniter\CodeIgniter->runController(Object(App\Controllers\AdminController))
11 SYSTEMPATH\CodeIgniter.php(354): CodeIgniter\CodeIgniter->handleRequest(null, Object(Config\Cache), false)
12 SYSTEMPATH\Boot.php(334): CodeIgniter\CodeIgniter->run()
13 SYSTEMPATH\Boot.php(67): CodeIgniter\Boot::runCodeIgniter(Object(CodeIgniter\CodeIgniter))
14 FCPATH\index.php(57): CodeIgniter\Boot::bootWeb(Object(Config\Paths))
